<?xml version="1.0" encoding="UTF-8"?>
<!-- Generated by org.testng.reporters.JUnitXMLReporter -->
<testsuite ignored="0" hostname="DESKTOP-BTLKNVR" failures="0" tests="2" name="Test" time="0.66" errors="0" timestamp="2023-01-24T15:45:26 IST">
  <testcase classname="com.vtiger.genriclibrary.Base" name="@BeforeClass openBroswer" time="0.079">
    <failure type="java.lang.IllegalStateException" message="The driver executable does not exist: C:\Users\yusuf\git\Vtiger-CRM-App\.\src\main\resources\chromedriver.exe">
      <![CDATA[java.lang.IllegalStateException: The driver executable does not exist: C:\Users\yusuf\git\Vtiger-CRM-App\.\src\main\resources\chromedriver.exe
at com.google.common.base.Preconditions.checkState(Preconditions.java:585)
at org.openqa.selenium.remote.service.DriverService.checkExecutable(DriverService.java:146)
at org.openqa.selenium.remote.service.DriverService.findExecutable(DriverService.java:141)
at org.openqa.selenium.chrome.ChromeDriverService.access$000(ChromeDriverService.java:35)
at org.openqa.selenium.chrome.ChromeDriverService$Builder.findDefaultExecutable(ChromeDriverService.java:159)
at org.openqa.selenium.remote.service.DriverService$Builder.build(DriverService.java:355)
at org.openqa.selenium.chrome.ChromeDriverService.createDefaultService(ChromeDriverService.java:94)
at org.openqa.selenium.chrome.ChromeDriver.<init>(ChromeDriver.java:123)
at com.vtiger.genriclibrary.Base.openBroswer(Base.java:50)
at java.base/java.util.ArrayList.forEach(ArrayList.java:1511)
... Removed 25 stack frames]]>
    </failure>
  </testcase> <!-- @BeforeClass openBroswer -->
  <testcase classname="com.vtiger.genriclibrary.Base" name="@BeforeMethod Login" time="-1.674555325727E9">
    <skipped/>
  </testcase> <!-- @BeforeMethod Login -->
  <testcase classname="com.vtiger.genriclibrary.Base" name="@BeforeMethod Login" time="-1.674555325766E9">
    <skipped/>
  </testcase> <!-- @BeforeMethod Login -->
  <testcase classname="com.vtiger.genriclibrary.Base" name="@AfterClass CloseBroswer" time="-1.674555325779E9">
    <skipped/>
  </testcase> <!-- @AfterClass CloseBroswer -->
  <testcase classname="OrgnisationModule.CreateOrgnizationTest" name="createOrgNameAndIndustryandtype" time="0.0">
    <skipped/>
  </testcase> <!-- createOrgNameAndIndustryandtype -->
  <testcase classname="OrgnisationModule.CreateOrgnizationTest" name="createOrgWithOrgNameAndIndustry" time="0.0">
    <skipped/>
  </testcase> <!-- createOrgWithOrgNameAndIndustry -->
</testsuite> <!-- Test -->
